  ResourseManager.cpp
c:\projects\bootcamp\project\resoursemanager.cpp(18): warning C4129: 'P': unrecognized character escape sequence
c:\projects\bootcamp\project\resoursemanager.cpp(18): warning C4129: 'B': unrecognized character escape sequence
c:\projects\bootcamp\project\resoursemanager.cpp(18): warning C4129: 'p': unrecognized character escape sequence
c:\projects\bootcamp\project\resoursemanager.cpp(18): warning C4129: 'g': unrecognized character escape sequence
c:\projects\bootcamp\project\resoursemanager.cpp(18): warning C4129: 's': unrecognized character escape sequence
c:\projects\bootcamp\project\resoursemanager.cpp(21): warning C4129: 'P': unrecognized character escape sequence
c:\projects\bootcamp\project\resoursemanager.cpp(21): warning C4129: 'B': unrecognized character escape sequence
c:\projects\bootcamp\project\resoursemanager.cpp(21): warning C4129: 'p': unrecognized character escape sequence
c:\projects\bootcamp\project\resoursemanager.cpp(22): warning C4129: 'P': unrecognized character escape sequence
c:\projects\bootcamp\project\resoursemanager.cpp(22): warning C4129: 'B': unrecognized character escape sequence
c:\projects\bootcamp\project\resoursemanager.cpp(22): warning C4129: 'p': unrecognized character escape sequence
c:\projects\bootcamp\project\resoursemanager.cpp(23): warning C4129: 'P': unrecognized character escape sequence
c:\projects\bootcamp\project\resoursemanager.cpp(23): warning C4129: 'B': unrecognized character escape sequence
c:\projects\bootcamp\project\resoursemanager.cpp(23): warning C4129: 'p': unrecognized character escape sequence
c:\projects\bootcamp\project\resoursemanager.cpp(23): warning C4129: 'g': unrecognized character escape sequence
c:\projects\bootcamp\project\resoursemanager.cpp(24): warning C4129: 'P': unrecognized character escape sequence
c:\projects\bootcamp\project\resoursemanager.cpp(24): warning C4129: 'B': unrecognized character escape sequence
c:\projects\bootcamp\project\resoursemanager.cpp(24): warning C4129: 'p': unrecognized character escape sequence
c:\projects\bootcamp\project\resoursemanager.cpp(24): warning C4129: 'g': unrecognized character escape sequence
c:\projects\bootcamp\project\resoursemanager.cpp(24): warning C4129: 's': unrecognized character escape sequence
c:\program files (x86)\vs2017\vc\tools\msvc\14.13.26128\include\xmemory0(919): error C2665: 'std::pair<const _Kty,_Ty>::pair': none of the 2 overloads could convert all the argument types
          with
          [
              _Kty=std::string,
              _Ty=Resourse *
          ]
  c:\program files (x86)\vs2017\vc\tools\msvc\14.13.26128\include\utility(136): note: could be 'std::pair<const _Kty,_Ty>::pair(std::pair<const _Kty,_Ty> &&)'
          with
          [
              _Kty=std::string,
              _Ty=Resourse *
          ]
  c:\program files (x86)\vs2017\vc\tools\msvc\14.13.26128\include\utility(135): note: or       'std::pair<const _Kty,_Ty>::pair(const std::pair<const _Kty,_Ty> &)'
          with
          [
              _Kty=std::string,
              _Ty=Resourse *
          ]
  c:\program files (x86)\vs2017\vc\tools\msvc\14.13.26128\include\xmemory0(917): note: while trying to match the argument list '(const char)'
  c:\program files (x86)\vs2017\vc\tools\msvc\14.13.26128\include\xtree(766): note: see reference to function template instantiation 'void std::_Default_allocator_traits<_Alloc>::construct<_Ty,const char&>(_Alloc &,_Objty *const ,const char &)' being compiled
          with
          [
              _Alloc=std::allocator<std::_Tree_node<std::pair<const std::string,Resourse *>,std::_Default_allocator_traits<std::allocator<std::pair<const std::string,Resourse *>>>::void_pointer>>,
              _Ty=std::pair<const std::string,Resourse *>,
              _Objty=std::pair<const std::string,Resourse *>
          ]
  c:\program files (x86)\vs2017\vc\tools\msvc\14.13.26128\include\xtree(773): note: see reference to function template instantiation 'void std::_Default_allocator_traits<_Alloc>::construct<_Ty,const char&>(_Alloc &,_Objty *const ,const char &)' being compiled
          with
          [
              _Alloc=std::allocator<std::_Tree_node<std::pair<const std::string,Resourse *>,std::_Default_allocator_traits<std::allocator<std::pair<const std::string,Resourse *>>>::void_pointer>>,
              _Ty=std::pair<const std::string,Resourse *>,
              _Objty=std::pair<const std::string,Resourse *>
          ]
  c:\program files (x86)\vs2017\vc\tools\msvc\14.13.26128\include\xtree(967): note: see reference to function template instantiation 'std::_Tree_node<_Ty,std::_Default_allocator_traits<_Alloc>::void_pointer> *std::_Tree_comp_alloc<_Traits>::_Buynode<const char&>(const char &)' being compiled
          with
          [
              _Ty=std::pair<const std::string,Resourse *>,
              _Alloc=std::allocator<std::pair<const std::string,Resourse *>>,
              _Traits=std::_Tmap_traits<std::string,Resourse *,std::less<std::string>,std::allocator<std::pair<const std::string,Resourse *>>,false>
          ]
  c:\program files (x86)\vs2017\vc\tools\msvc\14.13.26128\include\xtree(968): note: see reference to function template instantiation 'std::_Tree_node<_Ty,std::_Default_allocator_traits<_Alloc>::void_pointer> *std::_Tree_comp_alloc<_Traits>::_Buynode<const char&>(const char &)' being compiled
          with
          [
              _Ty=std::pair<const std::string,Resourse *>,
              _Alloc=std::allocator<std::pair<const std::string,Resourse *>>,
              _Traits=std::_Tmap_traits<std::string,Resourse *,std::less<std::string>,std::allocator<std::pair<const std::string,Resourse *>>,false>
          ]
  c:\program files (x86)\vs2017\vc\tools\msvc\14.13.26128\include\xtree(1145): note: see reference to function template instantiation 'std::_Tree_iterator<std::_Tree_val<std::_Tree_simple_types<_Ty>>> std::_Tree<std::_Tmap_traits<_Kty,Resourse*,_Pr,_Alloc,false>>::emplace_hint<const char&>(std::_Tree_const_iterator<std::_Tree_val<std::_Tree_simple_types<_Ty>>>,const char &)' being compiled
          with
          [
              _Ty=std::pair<const std::string,Resourse *>,
              _Kty=std::string,
              _Pr=std::less<std::string>,
              _Alloc=std::allocator<std::pair<const std::string,Resourse *>>
          ]
  c:\program files (x86)\vs2017\vc\tools\msvc\14.13.26128\include\xtree(1145): note: see reference to function template instantiation 'std::_Tree_iterator<std::_Tree_val<std::_Tree_simple_types<_Ty>>> std::_Tree<std::_Tmap_traits<_Kty,Resourse*,_Pr,_Alloc,false>>::emplace_hint<const char&>(std::_Tree_const_iterator<std::_Tree_val<std::_Tree_simple_types<_Ty>>>,const char &)' being compiled
          with
          [
              _Ty=std::pair<const std::string,Resourse *>,
              _Kty=std::string,
              _Pr=std::less<std::string>,
              _Alloc=std::allocator<std::pair<const std::string,Resourse *>>
          ]
  c:\projects\bootcamp\project\resoursemanager.cpp(21): note: see reference to function template instantiation 'void std::_Tree<std::_Tmap_traits<_Kty,_Ty,_Pr,_Alloc,false>>::insert<const char*>(_Iter,_Iter)' being compiled
          with
          [
              _Kty=std::string,
              _Ty=Resourse *,
              _Pr=std::less<std::string>,
              _Alloc=std::allocator<std::pair<const std::string,Resourse *>>,
              _Iter=const char *
          ]
  c:\projects\bootcamp\project\resoursemanager.cpp(21): note: see reference to function template instantiation 'void std::_Tree<std::_Tmap_traits<_Kty,_Ty,_Pr,_Alloc,false>>::insert<const char*>(_Iter,_Iter)' being compiled
          with
          [
              _Kty=std::string,
              _Ty=Resourse *,
              _Pr=std::less<std::string>,
              _Alloc=std::allocator<std::pair<const std::string,Resourse *>>,
              _Iter=const char *
          ]
