c:\project\bootcamp\project\x64\debug\project.pch
c:\project\bootcamp\project\x64\debug\vc141.pdb
c:\project\bootcamp\project\x64\debug\vc141.idb
c:\project\bootcamp\project\x64\debug\stdafx.obj
c:\project\bootcamp\project\x64\debug\project.obj
c:\project\bootcamp\project\x64\debug\resoursemanager.obj
c:\project\bootcamp\project\x64\debug\resourse.obj
c:\project\bootcamp\project\x64\debug\picture.obj
c:\project\bootcamp\project\x64\debug\audio.obj
c:\project\bootcamp\debug\project.ilk
c:\project\bootcamp\debug\project.exe
c:\project\bootcamp\debug\project.pdb
c:\project\bootcamp\\debug\project.pdb
c:\project\bootcamp\\debug\project.exe
c:\project\bootcamp\\debug\project.ilk
c:\project\bootcamp\project\x64\debug\project.tlog\cl.command.1.tlog
c:\project\bootcamp\project\x64\debug\project.tlog\cl.read.1.tlog
c:\project\bootcamp\project\x64\debug\project.tlog\cl.write.1.tlog
c:\project\bootcamp\project\x64\debug\project.tlog\link.command.1.tlog
c:\project\bootcamp\project\x64\debug\project.tlog\link.read.1.tlog
c:\project\bootcamp\project\x64\debug\project.tlog\link.write.1.tlog
